[2025-10-20 07:29:22,842] Reginas-macbook.local/WARNING/locust.main: Python 3.8 support is deprecated and will be removed soon
[2025-10-20 07:29:22,844] Reginas-macbook.local/WARNING/locust.main: The --autostart argument is implied by --headless, no need to set both.
[2025-10-20 07:29:22,844] Reginas-macbook.local/INFO/locust.main: Run time limit set to 300 seconds
[2025-10-20 07:29:22,844] Reginas-macbook.local/INFO/locust.main: Starting Locust 2.25.0
Type     Name                                                                          # reqs      # fails |    Avg     Min     Max    Med |   req/s  failures/s
--------|----------------------------------------------------------------------------|-------|-------------|-------|-------|-------|-------|--------|-----------
--------|----------------------------------------------------------------------------|-------|-------------|-------|-------|-------|-------|--------|-----------
         Aggregated                                                                         0     0(0.00%) |      0       0       0      0 |    0.00        0.00

[2025-10-20 07:29:22,845] Reginas-macbook.local/INFO/locust.runners: Ramping to 50 users at a rate of 2.00 per second
[2025-10-20 07:29:22,845] Reginas-macbook.local/INFO/locustfile: User user_783 started - Testing fixed version(s)
[2025-10-20 07:29:22,846] Reginas-macbook.local/INFO/locustfile: User user_789 started - Testing fixed version(s)
[2025-10-20 07:29:23,848] Reginas-macbook.local/INFO/locustfile: User user_975 started - Testing fixed version(s)
[2025-10-20 07:29:23,848] Reginas-macbook.local/INFO/locustfile: User user_483 started - Testing fixed version(s)
Type     Name                                                                          # reqs      # fails |    Avg     Min     Max    Med |   req/s  failures/s
--------|----------------------------------------------------------------------------|-------|-------------|-------|-------|-------|-------|--------|-----------
POST     /fixed/cart/add                                                                    3     0(0.00%) |    163      93     218    180 |    0.00        0.00
GET      /fixed/cart/view                                                                   2     0(0.00%) |    191     171     210    171 |    0.00        0.00
--------|----------------------------------------------------------------------------|-------|-------------|-------|-------|-------|-------|--------|-----------
         Aggregated                                                                         5     0(0.00%) |    174      93     218    180 |    0.00        0.00

[2025-10-20 07:29:24,851] Reginas-macbook.local/INFO/locustfile: User user_803 started - Testing fixed version(s)
[2025-10-20 07:29:24,851] Reginas-macbook.local/INFO/locustfile: User user_847 started - Testing fixed version(s)
[2025-10-20 07:29:25,852] Reginas-macbook.local/INFO/locustfile: User user_142 started - Testing fixed version(s)
[2025-10-20 07:29:25,853] Reginas-macbook.local/INFO/locustfile: User user_104 started - Testing fixed version(s)
Type     Name                                                                          # reqs      # fails |    Avg     Min     Max    Med |   req/s  failures/s
--------|----------------------------------------------------------------------------|-------|-------------|-------|-------|-------|-------|--------|-----------
POST     /fixed/cart/add                                                                   12     0(0.00%) |    161      93     294    180 |    1.00        0.00
GET      /fixed/cart/view                                                                   5     0(0.00%) |    190     167     227    180 |    0.50        0.00
--------|----------------------------------------------------------------------------|-------|-------------|-------|-------|-------|-------|--------|-----------
         Aggregated                                                                        17     0(0.00%) |    169      93     294    180 |    1.50        0.00

[2025-10-20 07:29:26,854] Reginas-macbook.local/INFO/locustfile: User user_590 started - Testing fixed version(s)
[2025-10-20 07:29:26,854] Reginas-macbook.local/INFO/locustfile: User user_514 started - Testing fixed version(s)
[2025-10-20 07:29:27,854] Reginas-macbook.local/WARNING/locustfile: Admin user initialized - Can control product service state
[2025-10-20 07:29:27,855] Reginas-macbook.local/INFO/locustfile: User user_207 started - Testing fixed version(s)
Type     Name                                                                          # reqs      # fails |    Avg     Min     Max    Med |   req/s  failures/s
--------|----------------------------------------------------------------------------|-------|-------------|-------|-------|-------|-------|--------|-----------
POST     /fixed/cart/add                                                                   22     0(0.00%) |    193      92     342    180 |    1.75        0.00
GET      /fixed/cart/view                                                                   8     0(0.00%) |    172      94     237    170 |    1.00        0.00
GET      /product/health                                                                    1     0(0.00%) |    166     166     166    166 |    0.00        0.00
--------|----------------------------------------------------------------------------|-------|-------------|-------|-------|-------|-------|--------|-----------
         Aggregated                                                                        31     0(0.00%) |    187      92     342    180 |    2.75        0.00

[2025-10-20 07:29:28,859] Reginas-macbook.local/INFO/locustfile: User user_20 started - Testing fixed version(s)
[2025-10-20 07:29:28,859] Reginas-macbook.local/INFO/locustfile: User user_832 started - Testing fixed version(s)
[2025-10-20 07:29:29,861] Reginas-macbook.local/INFO/locustfile: User user_754 started - Testing fixed version(s)
[2025-10-20 07:29:29,862] Reginas-macbook.local/INFO/locustfile: User user_853 started - Testing fixed version(s)
Type     Name                                                                          # reqs      # fails |    Avg     Min     Max    Med |   req/s  failures/s
--------|----------------------------------------------------------------------------|-------|-------------|-------|-------|-------|-------|--------|-----------
POST     /fixed/cart/add                                                                   40     0(0.00%) |    181      91     342    180 |    2.83        0.00
GET      /fixed/cart/view                                                                  13     0(0.00%) |    195      94     328    180 |    1.17        0.00
GET      /product/health                                                                    1     0(0.00%) |    166     166     166    166 |    0.00        0.00
--------|----------------------------------------------------------------------------|-------|-------------|-------|-------|-------|-------|--------|-----------
         Aggregated                                                                        54     0(0.00%) |    184      91     342    180 |    4.00        0.00

[2025-10-20 07:29:30,860] Reginas-macbook.local/INFO/locustfile: User user_545 started - Testing fixed version(s)
[2025-10-20 07:29:30,861] Reginas-macbook.local/INFO/locustfile: User user_419 started - Testing fixed version(s)
[2025-10-20 07:29:31,864] Reginas-macbook.local/INFO/locustfile: User user_112 started - Testing fixed version(s)
[2025-10-20 07:29:31,865] Reginas-macbook.local/INFO/locustfile: User user_604 started - Testing fixed version(s)
Type     Name                                                                          # reqs      # fails |    Avg     Min     Max    Med |   req/s  failures/s
--------|----------------------------------------------------------------------------|-------|-------------|-------|-------|-------|-------|--------|-----------
POST     /fixed/cart/add                                                                   60     0(0.00%) |    227      91     484    200 |    4.00        0.00
GET      /fixed/cart/view                                                                  17     0(0.00%) |    270      94     738    230 |    1.38        0.00
GET      /product/health                                                                    1     0(0.00%) |    166     166     166    166 |    0.12        0.00
--------|----------------------------------------------------------------------------|-------|-------------|-------|-------|-------|-------|--------|-----------
         Aggregated                                                                        78     0(0.00%) |    236      91     738    200 |    5.50        0.00

[2025-10-20 07:29:32,864] Reginas-macbook.local/INFO/locustfile: User user_61 started - Testing fixed version(s)
[2025-10-20 07:29:32,865] Reginas-macbook.local/INFO/locustfile: User user_172 started - Testing fixed version(s)
[2025-10-20 07:29:33,869] Reginas-macbook.local/INFO/locustfile: User user_196 started - Testing fixed version(s)
[2025-10-20 07:29:33,870] Reginas-macbook.local/INFO/locustfile: User user_454 started - Testing fixed version(s)
Type     Name                                                                          # reqs      # fails |    Avg     Min     Max    Med |   req/s  failures/s
--------|----------------------------------------------------------------------------|-------|-------------|-------|-------|-------|-------|--------|-----------
POST     /fixed/cart/add                                                                   82     0(0.00%) |    335      91     966    270 |    5.00        0.00
GET      /fixed/cart/view                                                                  20     0(0.00%) |    297      94     762    230 |    1.40        0.00
GET      /product/health                                                                    1     0(0.00%) |    166     166     166    166 |    0.10        0.00
--------|----------------------------------------------------------------------------|-------|-------------|-------|-------|-------|-------|--------|-----------
         Aggregated                                                                       103     0(0.00%) |    326      91     966    270 |    6.50        0.00

[2025-10-20 07:29:34,870] Reginas-macbook.local/INFO/locustfile: User user_811 started - Testing fixed version(s)
[2025-10-20 07:29:34,871] Reginas-macbook.local/INFO/locustfile: User user_364 started - Testing fixed version(s)
[2025-10-20 07:29:35,875] Reginas-macbook.local/INFO/locustfile: User user_605 started - Testing fixed version(s)
[2025-10-20 07:29:35,875] Reginas-macbook.local/INFO/locustfile: User user_894 started - Testing fixed version(s)
Type     Name                                                                          # reqs      # fails |    Avg     Min     Max    Med |   req/s  failures/s
--------|----------------------------------------------------------------------------|-------|-------------|-------|-------|-------|-------|--------|-----------
POST     /fixed/cart/add                                                                   99     0(0.00%) |    468      91    1401    310 |    7.00        0.00
GET      /fixed/cart/view                                                                  22     0(0.00%) |    310      94     762    240 |    1.90        0.00
GET      /product/health                                                                    1     0(0.00%) |    166     166     166    166 |    0.10        0.00
--------|----------------------------------------------------------------------------|-------|-------------|-------|-------|-------|-------|--------|-----------
         Aggregated                                                                       122     0(0.00%) |    437      91    1401    300 |    9.00        0.00

[2025-10-20 07:29:36,877] Reginas-macbook.local/INFO/locustfile: User user_446 started - Testing fixed version(s)
[2025-10-20 07:29:36,877] Reginas-macbook.local/INFO/locustfile: User user_30 started - Testing fixed version(s)
[2025-10-20 07:29:37,882] Reginas-macbook.local/WARNING/locustfile: Admin user initialized - Can control product service state
[2025-10-20 07:29:37,883] Reginas-macbook.local/INFO/locustfile: User user_301 started - Testing fixed version(s)
Type     Name                                                                          # reqs      # fails |    Avg     Min     Max    Med |   req/s  failures/s
--------|----------------------------------------------------------------------------|-------|-------------|-------|-------|-------|-------|--------|-----------
POST     /fixed/cart/add                                                                  107     0(0.00%) |    514      91    1741    340 |    7.90        0.00
GET      /fixed/cart/view                                                                  32     0(0.00%) |    768      94    3910    300 |    1.60        0.00
GET      /product/health                                                                    2     0(0.00%) |    164     162     166    162 |    0.10        0.00
--------|----------------------------------------------------------------------------|-------|-------------|-------|-------|-------|-------|--------|-----------
         Aggregated                                                                       141     0(0.00%) |    567      91    3910    330 |    9.60        0.00

[2025-10-20 07:29:38,885] Reginas-macbook.local/INFO/locustfile: User user_127 started - Testing fixed version(s)
[2025-10-20 07:29:38,886] Reginas-macbook.local/INFO/locustfile: User user_263 started - Testing fixed version(s)
[2025-10-20 07:29:39,889] Reginas-macbook.local/INFO/locustfile: User user_892 started - Testing fixed version(s)
[2025-10-20 07:29:39,889] Reginas-macbook.local/INFO/locustfile: User user_59 started - Testing fixed version(s)
Type     Name                                                                          # reqs      # fails |    Avg     Min     Max    Med |   req/s  failures/s
--------|----------------------------------------------------------------------------|-------|-------------|-------|-------|-------|-------|--------|-----------
POST     /fixed/cart/add                                                                  131     0(0.00%) |    604      91    1741    470 |    8.70        0.00
GET      /fixed/cart/view                                                                  39     0(0.00%) |    787      94    3910    300 |    2.10        0.00
GET      /product/health                                                                    2     0(0.00%) |    164     162     166    162 |    0.10        0.00
--------|----------------------------------------------------------------------------|-------|-------------|-------|-------|-------|-------|--------|-----------
         Aggregated                                                                       172     0(0.00%) |    641      91    3910    410 |   10.90        0.00

[2025-10-20 07:29:40,895] Reginas-macbook.local/INFO/locustfile: User user_701 started - Testing fixed version(s)
[2025-10-20 07:29:40,895] Reginas-macbook.local/INFO/locustfile: User user_761 started - Testing fixed version(s)
[2025-10-20 07:29:41,899] Reginas-macbook.local/INFO/locustfile: User user_775 started - Testing fixed version(s)
[2025-10-20 07:29:41,900] Reginas-macbook.local/INFO/locustfile: User user_331 started - Testing fixed version(s)
Type     Name                                                                          # reqs      # fails |    Avg     Min     Max    Med |   req/s  failures/s
--------|----------------------------------------------------------------------------|-------|-------------|-------|-------|-------|-------|--------|-----------
POST     /fixed/cart/add                                                                  152     0(0.00%) |    779      91    2167    630 |    9.30        0.00
GET      /fixed/cart/view                                                                  45     0(0.00%) |   1004      94    4980    370 |    2.60        0.00
GET      /product/health                                                                    2     0(0.00%) |    164     162     166    162 |    0.10        0.00
--------|----------------------------------------------------------------------------|-------|-------------|-------|-------|-------|-------|--------|-----------
         Aggregated                                                                       199     0(0.00%) |    824      91    4980    550 |   12.00        0.00

[2025-10-20 07:29:42,903] Reginas-macbook.local/INFO/locustfile: User user_895 started - Testing fixed version(s)
[2025-10-20 07:29:42,904] Reginas-macbook.local/INFO/locustfile: User user_960 started - Testing fixed version(s)
[2025-10-20 07:29:43,910] Reginas-macbook.local/INFO/locustfile: User user_348 started - Testing fixed version(s)
[2025-10-20 07:29:43,912] Reginas-macbook.local/INFO/locustfile: User user_710 started - Testing fixed version(s)
Type     Name                                                                          # reqs      # fails |    Avg     Min     Max    Med |   req/s  failures/s
--------|----------------------------------------------------------------------------|-------|-------------|-------|-------|-------|-------|--------|-----------
POST     /fixed/cart/add                                                                  160     0(0.00%) |    803      91    2167    680 |    8.20        0.00
GET      /fixed/cart/view                                                                  46     0(0.00%) |   1046      94    4980    370 |    2.70        0.00
GET      /product/health                                                                    2     0(0.00%) |    164     162     166    162 |    0.10        0.00
--------|----------------------------------------------------------------------------|-------|-------------|-------|-------|-------|-------|--------|-----------
         Aggregated                                                                       208     0(0.00%) |    850      91    4980    590 |   11.00        0.00

[2025-10-20 07:29:44,914] Reginas-macbook.local/INFO/locustfile: User user_121 started - Testing fixed version(s)
[2025-10-20 07:29:44,915] Reginas-macbook.local/INFO/locustfile: User user_88 started - Testing fixed version(s)
[2025-10-20 07:29:45,918] Reginas-macbook.local/INFO/locustfile: User user_850 started - Testing fixed version(s)
[2025-10-20 07:29:45,919] Reginas-macbook.local/INFO/locustfile: User user_554 started - Testing fixed version(s)
Type     Name                                                                          # reqs      # fails |    Avg     Min     Max    Med |   req/s  failures/s
--------|----------------------------------------------------------------------------|-------|-------------|-------|-------|-------|-------|--------|-----------
POST     /fixed/cart/add                                                                  195     0(0.00%) |   1076      91    3019    890 |    8.70        0.00
GET      /fixed/cart/view                                                                  50     0(0.00%) |   1297      94    5999    410 |    2.50        0.00
GET      /product/health                                                                    2     0(0.00%) |    164     162     166    162 |    0.10        0.00
--------|----------------------------------------------------------------------------|-------|-------------|-------|-------|-------|-------|--------|-----------
         Aggregated                                                                       247     0(0.00%) |   1113      91    5999    790 |   11.30        0.00

[2025-10-20 07:29:46,954] Reginas-macbook.local/INFO/locust.runners: All users spawned: {"AdminUser": 2, "EcommerceUser": 48} (50 total users)
[2025-10-20 07:29:46,963] Reginas-macbook.local/INFO/locustfile: User user_86 started - Testing fixed version(s)
[2025-10-20 07:29:46,992] Reginas-macbook.local/INFO/locustfile: User user_364 started - Testing fixed version(s)
Type     Name                                                                          # reqs      # fails |    Avg     Min     Max    Med |   req/s  failures/s
--------|----------------------------------------------------------------------------|-------|-------------|-------|-------|-------|-------|--------|-----------
POST     /fixed/cart/add                                                                  195     0(0.00%) |   1076      91    3019    890 |    7.60        0.00
GET      /fixed/cart/view                                                                  52     0(0.00%) |   1423      94    6345    460 |    2.60        0.00
GET      /product/health                                                                    2     0(0.00%) |    164     162     166    162 |    0.10        0.00
--------|----------------------------------------------------------------------------|-------|-------------|-------|-------|-------|-------|--------|-----------
         Aggregated                                                                       249     0(0.00%) |   1141      91    6345    800 |   10.30        0.00

Type     Name                                                                          # reqs      # fails |    Avg     Min     Max    Med |   req/s  failures/s
--------|----------------------------------------------------------------------------|-------|-------------|-------|-------|-------|-------|--------|-----------
POST     /fixed/cart/add                                                                  229     0(0.00%) |   1303      91    3367   1100 |    9.10        0.00
GET      /fixed/cart/view                                                                  66     0(0.00%) |   2031      94    7525    870 |    2.40        0.00
GET      /product/health                                                                    2     0(0.00%) |    164     162     166    162 |    0.10        0.00
--------|----------------------------------------------------------------------------|-------|-------------|-------|-------|-------|-------|--------|-----------
         Aggregated                                                                       297     0(0.00%) |   1457      91    7525   1100 |   11.60        0.00

Type     Name                                                                          # reqs      # fails |    Avg     Min     Max    Med |   req/s  failures/s
--------|----------------------------------------------------------------------------|-------|-------------|-------|-------|-------|-------|--------|-----------
POST     /fixed/cart/add                                                                  232     0(0.00%) |   1293      91    3367   1100 |    7.00        0.00
GET      /fixed/cart/view                                                                  66     0(0.00%) |   2031      94    7525    870 |    1.50        0.00
GET      /product/health                                                                    2     0(0.00%) |    164     162     166    162 |    0.00        0.00
--------|----------------------------------------------------------------------------|-------|-------------|-------|-------|-------|-------|--------|-----------
         Aggregated                                                                       300     0(0.00%) |   1448      91    7525   1100 |    8.50        0.00

Type     Name                                                                          # reqs      # fails |    Avg     Min     Max    Med |   req/s  failures/s
--------|----------------------------------------------------------------------------|-------|-------------|-------|-------|-------|-------|--------|-----------
POST     /fixed/cart/add                                                                  266     0(0.00%) |   1501      91    3367   1300 |    9.90        0.00
GET      /fixed/cart/view                                                                  67     0(0.00%) |   2040      94    7525   1200 |    2.50        0.00
GET      /product/health                                                                    2     0(0.00%) |    164     162     166    162 |    0.00        0.00
--------|----------------------------------------------------------------------------|-------|-------------|-------|-------|-------|-------|--------|-----------
         Aggregated                                                                       335     0(0.00%) |   1601      91    7525   1300 |   12.40        0.00

Type     Name                                                                          # reqs      # fails |    Avg     Min     Max    Med |   req/s  failures/s
--------|----------------------------------------------------------------------------|-------|-------------|-------|-------|-------|-------|--------|-----------
POST     /fixed/cart/add                                                                  266     0(0.00%) |   1501      91    3367   1300 |    7.50        0.00
GET      /fixed/cart/view                                                                  68     0(0.00%) |   2073      94    7525   1200 |    2.10        0.00
GET      /product/health                                                                    2     0(0.00%) |    164     162     166    162 |    0.00        0.00
--------|----------------------------------------------------------------------------|-------|-------------|-------|-------|-------|-------|--------|-----------
         Aggregated                                                                       336     0(0.00%) |   1609      91    7525   1300 |    9.60        0.00

Type     Name                                                                          # reqs      # fails |    Avg     Min     Max    Med |   req/s  failures/s
--------|----------------------------------------------------------------------------|-------|-------------|-------|-------|-------|-------|--------|-----------
POST     /fixed/cart/add                                                                  292     0(0.00%) |   1605      91    3367   1600 |   10.30        0.00
GET      /fixed/cart/view                                                                  73     0(0.00%) |   2372      94    7525   2000 |    2.00        0.00
GET      /product/health                                                                    2     0(0.00%) |    164     162     166    162 |    0.00        0.00
--------|----------------------------------------------------------------------------|-------|-------------|-------|-------|-------|-------|--------|-----------
         Aggregated                                                                       367     0(0.00%) |   1750      91    7525   1700 |   12.30        0.00

Type     Name                                                                          # reqs      # fails |    Avg     Min     Max    Med |   req/s  failures/s
--------|----------------------------------------------------------------------------|-------|-------------|-------|-------|-------|-------|--------|-----------
POST     /fixed/cart/add                                                                  292     0(0.00%) |   1605      91    3367   1600 |    7.40        0.00
GET      /fixed/cart/view                                                                  78     0(0.00%) |   2770      94    8877   2200 |    1.70        0.00
GET      /product/health                                                                    2     0(0.00%) |    164     162     166    162 |    0.00        0.00
--------|----------------------------------------------------------------------------|-------|-------------|-------|-------|-------|-------|--------|-----------
         Aggregated                                                                       372     0(0.00%) |   1841      91    8877   1700 |    9.10        0.00

Type     Name                                                                          # reqs      # fails |    Avg     Min     Max    Med |   req/s  failures/s
--------|----------------------------------------------------------------------------|-------|-------------|-------|-------|-------|-------|--------|-----------
POST     /fixed/cart/add                                                                  319     0(0.00%) |   1698      91    3655   1800 |    9.70        0.00
GET      /fixed/cart/view                                                                  85     0(0.00%) |   3210      94   11710   2700 |    2.40        0.00
GET      /product/health                                                                    2     0(0.00%) |    164     162     166    162 |    0.00        0.00
--------|----------------------------------------------------------------------------|-------|-------------|-------|-------|-------|-------|--------|-----------
         Aggregated                                                                       406     0(0.00%) |   2007      91   11710   1900 |   12.10        0.00

Type     Name                                                                          # reqs      # fails |    Avg     Min     Max    Med |   req/s  failures/s
--------|----------------------------------------------------------------------------|-------|-------------|-------|-------|-------|-------|--------|-----------
POST     /fixed/cart/add                                                                  321     0(0.00%) |   1698      91    3655   1800 |    6.10        0.00
GET      /fixed/cart/view                                                                  89     0(0.00%) |   3352      94   11710   2800 |    1.30        0.00
GET      /product/health                                                                    2     0(0.00%) |    164     162     166    162 |    0.00        0.00
--------|----------------------------------------------------------------------------|-------|-------------|-------|-------|-------|-------|--------|-----------
         Aggregated                                                                       412     0(0.00%) |   2048      91   11710   1900 |    7.40        0.00

Type     Name                                                                          # reqs      # fails |    Avg     Min     Max    Med |   req/s  failures/s
--------|----------------------------------------------------------------------------|-------|-------------|-------|-------|-------|-------|--------|-----------
POST     /fixed/cart/add                                                                  350     0(0.00%) |   1775      91    3655   2000 |    8.90        0.00
GET      /fixed/cart/view                                                                  93     0(0.00%) |   3617      94   11710   3000 |    2.10        0.00
GET      /product/health                                                                    2     0(0.00%) |    164     162     166    162 |    0.00        0.00
--------|----------------------------------------------------------------------------|-------|-------------|-------|-------|-------|-------|--------|-----------
         Aggregated                                                                       445     0(0.00%) |   2153      91   11710   2100 |   11.00        0.00

Type     Name                                                                          # reqs      # fails |    Avg     Min     Max    Med |   req/s  failures/s
--------|----------------------------------------------------------------------------|-------|-------------|-------|-------|-------|-------|--------|-----------
POST     /fixed/cart/add                                                                  350     0(0.00%) |   1775      91    3655   2000 |    5.70        0.00
GET      /fixed/cart/view                                                                  94     0(0.00%) |   3682      94   11710   3000 |    2.20        0.00
GET      /product/health                                                                    3     0(0.00%) |    142      97     166    160 |    0.00        0.00
--------|----------------------------------------------------------------------------|-------|-------------|-------|-------|-------|-------|--------|-----------
         Aggregated                                                                       447     0(0.00%) |   2165      91   11710   2100 |    7.90        0.00

Type     Name                                                                          # reqs      # fails |    Avg     Min     Max    Med |   req/s  failures/s
--------|----------------------------------------------------------------------------|-------|-------------|-------|-------|-------|-------|--------|-----------
POST     /fixed/cart/add                                                                  380     0(0.00%) |   1805      91    3655   2000 |    8.10        0.00
GET      /fixed/cart/view                                                                 102     0(0.00%) |   3969      94   11710   3100 |    2.40        0.00
GET      /product/health                                                                    4     0(0.00%) |    130      93     166     98 |    0.00        0.00
--------|----------------------------------------------------------------------------|-------|-------------|-------|-------|-------|-------|--------|-----------
         Aggregated                                                                       486     0(0.00%) |   2246      91   11710   2100 |   10.50        0.00

Type     Name                                                                          # reqs      # fails |    Avg     Min     Max    Med |   req/s  failures/s
--------|----------------------------------------------------------------------------|-------|-------------|-------|-------|-------|-------|--------|-----------
POST     /fixed/cart/add                                                                  380     0(0.00%) |   1805      91    3655   2000 |    8.60        0.00
GET      /fixed/cart/view                                                                 104     0(0.00%) |   4073      94   11710   3100 |    2.20        0.00
GET      /product/health                                                                    4     0(0.00%) |    130      93     166     98 |    0.20        0.00
--------|----------------------------------------------------------------------------|-------|-------------|-------|-------|-------|-------|--------|-----------
         Aggregated                                                                       488     0(0.00%) |   2275      91   11710   2100 |   11.00        0.00

Type     Name                                                                          # reqs      # fails |    Avg     Min     Max    Med |   req/s  failures/s
--------|----------------------------------------------------------------------------|-------|-------------|-------|-------|-------|-------|--------|-----------
POST     /fixed/cart/add                                                                  411     0(0.00%) |   1861      91    3655   2100 |    8.80        0.00
GET      /fixed/cart/view                                                                 107     0(0.00%) |   4204      94   11710   3200 |    2.30        0.00
GET      /product/health                                                                    4     0(0.00%) |    130      93     166     98 |    0.20        0.00
--------|----------------------------------------------------------------------------|-------|-------------|-------|-------|-------|-------|--------|-----------
         Aggregated                                                                       522     0(0.00%) |   2328      91   11710   2200 |   11.30        0.00

Type     Name                                                                          # reqs      # fails |    Avg     Min     Max    Med |   req/s  failures/s
--------|----------------------------------------------------------------------------|-------|-------------|-------|-------|-------|-------|--------|-----------
POST     /fixed/cart/add                                                                  411     0(0.00%) |   1861      91    3655   2100 |    9.00        0.00
GET      /fixed/cart/view                                                                 108     0(0.00%) |   4218      94   11710   3200 |    1.80        0.00
GET      /product/health                                                                    4     0(0.00%) |    130      93     166     98 |    0.20        0.00
--------|----------------------------------------------------------------------------|-------|-------------|-------|-------|-------|-------|--------|-----------
         Aggregated                                                                       523     0(0.00%) |   2335      91   11710   2200 |   11.00        0.00

Type     Name                                                                          # reqs      # fails |    Avg     Min     Max    Med |   req/s  failures/s
--------|----------------------------------------------------------------------------|-------|-------------|-------|-------|-------|-------|--------|-----------
POST     /fixed/cart/add                                                                  440     0(0.00%) |   1918      91    3655   2200 |    8.80        0.00
GET      /fixed/cart/view                                                                 113     0(0.00%) |   4461      94   11710   3800 |    1.70        0.00
GET      /product/health                                                                    4     0(0.00%) |    130      93     166     98 |    0.20        0.00
--------|----------------------------------------------------------------------------|-------|-------------|-------|-------|-------|-------|--------|-----------
         Aggregated                                                                       557     0(0.00%) |   2421      91   11710   2300 |   10.70        0.00

Type     Name                                                                          # reqs      # fails |    Avg     Min     Max    Med |   req/s  failures/s
--------|----------------------------------------------------------------------------|-------|-------------|-------|-------|-------|-------|--------|-----------
POST     /fixed/cart/add                                                                  440     0(0.00%) |   1918      91    3655   2200 |    8.80        0.00
GET      /fixed/cart/view                                                                 113     0(0.00%) |   4461      94   11710   3800 |    1.70        0.00
GET      /product/health                                                                    4     0(0.00%) |    130      93     166     98 |    0.20        0.00
--------|----------------------------------------------------------------------------|-------|-------------|-------|-------|-------|-------|--------|-----------
         Aggregated                                                                       557     0(0.00%) |   2421      91   11710   2300 |   10.70        0.00

Type     Name                                                                          # reqs      # fails |    Avg     Min     Max    Med |   req/s  failures/s
--------|----------------------------------------------------------------------------|-------|-------------|-------|-------|-------|-------|--------|-----------
POST     /fixed/cart/add                                                                  466     0(0.00%) |   1967      91    3655   2300 |    6.20        0.00
GET      /fixed/cart/view                                                                 117     0(0.00%) |   4659      94   11710   4300 |    1.50        0.00
GET      /product/health                                                                    4     0(0.00%) |    130      93     166     98 |    0.00        0.00
--------|----------------------------------------------------------------------------|-------|-------------|-------|-------|-------|-------|--------|-----------
         Aggregated                                                                       587     0(0.00%) |   2491      91   11710   2400 |    7.70        0.00

Type     Name                                                                          # reqs      # fails |    Avg     Min     Max    Med |   req/s  failures/s
--------|----------------------------------------------------------------------------|-------|-------------|-------|-------|-------|-------|--------|-----------
POST     /fixed/cart/add                                                                  467     0(0.00%) |   1969      91    3655   2300 |    8.20        0.00
GET      /fixed/cart/view                                                                 122     0(0.00%) |   4881      94   12946   4800 |    1.50        0.00
GET      /product/health                                                                    4     0(0.00%) |    130      93     166     98 |    0.00        0.00
--------|----------------------------------------------------------------------------|-------|-------------|-------|-------|-------|-------|--------|-----------
         Aggregated                                                                       593     0(0.00%) |   2556      91   12946   2400 |    9.70        0.00

Type     Name                                                                          # reqs      # fails |    Avg     Min     Max    Med |   req/s  failures/s
--------|----------------------------------------------------------------------------|-------|-------------|-------|-------|-------|-------|--------|-----------
POST     /fixed/cart/add                                                                  491     0(0.00%) |   1990      91    3655   2300 |    5.50        0.00
GET      /fixed/cart/view                                                                 126     0(0.00%) |   5048      94   12946   5000 |    1.40        0.00
GET      /product/health                                                                    4     0(0.00%) |    130      93     166     98 |    0.00        0.00
--------|----------------------------------------------------------------------------|-------|-------------|-------|-------|-------|-------|--------|-----------
         Aggregated                                                                       621     0(0.00%) |   2599      91   12946   2400 |    6.90        0.00

Type     Name                                                                          # reqs      # fails |    Avg     Min     Max    Med |   req/s  failures/s
--------|----------------------------------------------------------------------------|-------|-------------|-------|-------|-------|-------|--------|-----------
POST     /fixed/cart/add                                                                  519     0(0.00%) |   2007      91    3655   2300 |    7.80        0.00
GET      /fixed/cart/view                                                                 132     0(0.00%) |   5278      94   12946   5300 |    1.70        0.00
GET      /product/health                                                                    4     0(0.00%) |    130      93     166     98 |    0.00        0.00
--------|----------------------------------------------------------------------------|-------|-------------|-------|-------|-------|-------|--------|-----------
         Aggregated                                                                       655     0(0.00%) |   2655      91   12946   2400 |    9.50        0.00

[2025-10-20 07:30:29,808] Reginas-macbook.local/INFO/locust.main: Got SIGTERM signal
[2025-10-20 07:30:29,809] Reginas-macbook.local/INFO/locust.main: Shutting down (exit code 0)
Type     Name                                                                          # reqs      # fails |    Avg     Min     Max    Med |   req/s  failures/s
--------|----------------------------------------------------------------------------|-------|-------------|-------|-------|-------|-------|--------|-----------
POST     /fixed/cart/add                                                                  519     0(0.00%) |   2007      91    3655   2300 |    7.81        0.00
GET      /fixed/cart/view                                                                 135     0(0.00%) |   5403      94   12946   5500 |    2.03        0.00
GET      /product/health                                                                    4     0(0.00%) |    130      93     166     98 |    0.06        0.00
--------|----------------------------------------------------------------------------|-------|-------------|-------|-------|-------|-------|--------|-----------
         Aggregated                                                                       658     0(0.00%) |   2692      91   12946   2400 |    9.91        0.00

Response time percentiles (approximated)
Type     Name                                                                                  50%    66%    75%    80%    90%    95%    98%    99%  99.9% 99.99%   100% # reqs
--------|--------------------------------------------------------------------------------|--------|------|------|------|------|------|------|------|------|------|------|------
POST     /fixed/cart/add                                                                      2300   2600   2800   2900   3000   3100   3300   3300   3700   3700   3700    519
GET      /fixed/cart/view                                                                     5500   7300   9500   9800  11000  12000  13000  13000  13000  13000  13000    135
GET      /product/health                                                                       160    160    170    170    170    170    170    170    170    170    170      4
--------|--------------------------------------------------------------------------------|--------|------|------|------|------|------|------|------|------|------|------|------
         Aggregated                                                                           2400   2800   3000   3000   5700   9600  11000  12000  13000  13000  13000    658


======================================================================
 CIRCUIT BREAKER PATTERN - LOAD TEST 
======================================================================
 Test Mode: FIXED
 Start Time: 2025-10-20 07:29:22
 Target Host: http://circuit-breaker-demo-alb-2122719535.us-west-2.elb.amazonaws.com
======================================================================

 Testing FIXED version - With circuit breaker protection
 Expect graceful degradation when product service fails

 To trigger failure: curl -X POST http://<product-host>/fail/on
 To recover service: curl -X POST http://<product-host>/fail/off
======================================================================


======================================================================
 TEST COMPLETED 
======================================================================
 End Time: 2025-10-20 07:30:29
 Total Requests: 658
 Total Failures: 0
 Failure Rate: 0.00%
 Median Response Time: 2400.0ms
 95%ile Response Time: 9600.0ms
======================================================================

